<?xml version="1.0" encoding="UTF-8"?>
<!-- Generated by org.testng.reporters.JUnitXMLReporter -->
<testsuite hostname="ASL-BLR-LT-0014" ignored="0" name="Test" tests="10" failures="1" timestamp="11 May 2021 11:06:32 GMT" time="117.879" errors="0">
  <testcase name="@AfterClass appLogOut" time="30.205" classname="Test.com.Generic">
    <failure type="org.openqa.selenium.ElementNotInteractableException" message="element not interactable
  (Session info: chrome=90.0.4430.93)
Build info: version: &amp;apos;3.141.59&amp;apos;, revision: &amp;apos;e82be7d358&amp;apos;, time: &amp;apos;2018-11-14T08:25:53&amp;apos;
System info: host: &amp;apos;ASL-BLR-LT-0014&amp;apos;, ip: &amp;apos;192.168.225.177&amp;apos;, os.name: &amp;apos;Windows 7&amp;apos;, os.arch: &amp;apos;amd64&amp;apos;, os.version: &amp;apos;6.1&amp;apos;, java.version: &amp;apos;1.8.0_201&amp;apos;
Driver info: org.openqa.selenium.chrome.ChromeDriver
Capabilities {acceptInsecureCerts: false, browserName: chrome, browserVersion: 90.0.4430.93, chrome: {chromedriverVersion: 90.0.4430.24 (4c6d850f087da..., userDataDir: C:\Users\SANGAM~1\AppData\L...}, goog:chromeOptions: {debuggerAddress: localhost:56527}, javascriptEnabled: true, networkConnectionEnabled: false, pageLoadStrategy: normal, platform: WINDOWS, platformName: WINDOWS, proxy: Proxy(), setWindowRect: true, strictFileInteractability: false, timeouts: {implicit: 0, pageLoad: 300000, script: 30000}, unhandledPromptBehavior: dismiss and notify, webauthn:extension:largeBlob: true, webauthn:virtualAuthenticators: true}
Session ID: 06bc63d43825632e4fe17d73ae724602">
      <![CDATA[org.openqa.selenium.ElementNotInteractableException: element not interactable
  (Session info: chrome=90.0.4430.93)
Build info: version: '3.141.59', revision: 'e82be7d358', time: '2018-11-14T08:25:53'
System info: host: 'ASL-BLR-LT-0014', ip: '192.168.225.177', os.name: 'Windows 7', os.arch: 'amd64', os.version: '6.1', java.version: '1.8.0_201'
Driver info: org.openqa.selenium.chrome.ChromeDriver
Capabilities {acceptInsecureCerts: false, browserName: chrome, browserVersion: 90.0.4430.93, chrome: {chromedriverVersion: 90.0.4430.24 (4c6d850f087da..., userDataDir: C:\Users\SANGAM~1\AppData\L...}, goog:chromeOptions: {debuggerAddress: localhost:56527}, javascriptEnabled: true, networkConnectionEnabled: false, pageLoadStrategy: normal, platform: WINDOWS, platformName: WINDOWS, proxy: Proxy(), setWindowRect: true, strictFileInteractability: false, timeouts: {implicit: 0, pageLoad: 300000, script: 30000}, unhandledPromptBehavior: dismiss and notify, webauthn:extension:largeBlob: true, webauthn:virtualAuthenticators: true}
Session ID: 06bc63d43825632e4fe17d73ae724602
at org.openqa.selenium.remote.http.W3CHttpResponseCodec.createException(W3CHttpResponseCodec.java:187)
at org.openqa.selenium.remote.http.W3CHttpResponseCodec.decode(W3CHttpResponseCodec.java:122)
at org.openqa.selenium.remote.http.W3CHttpResponseCodec.decode(W3CHttpResponseCodec.java:49)
at org.openqa.selenium.remote.HttpCommandExecutor.execute(HttpCommandExecutor.java:158)
at org.openqa.selenium.remote.service.DriverCommandExecutor.execute(DriverCommandExecutor.java:83)
at org.openqa.selenium.remote.RemoteWebDriver.execute(RemoteWebDriver.java:552)
at org.openqa.selenium.remote.RemoteWebElement.execute(RemoteWebElement.java:285)
at org.openqa.selenium.remote.RemoteWebElement.click(RemoteWebElement.java:84)
at Test.com.Generic.appLogOut(Generic.java:54)
... Removed 30 stack frames]]>
    </failure>
  </testcase> <!-- @AfterClass appLogOut -->
  <testcase name="validLogin" time="6.175" classname="Test.com.TC_TB"/>
  <testcase name="check_Navigating_to_Book_Item_Page" time="3.978" classname="Test.com.TC_TB"/>
  <testcase name="isList_isEmpty" time="30.256" classname="Test.com.TC_TB">
    <failure type="org.openqa.selenium.NoSuchElementException" message="no such element: Unable to locate element: {&amp;quot;method&amp;quot;:&amp;quot;xpath&amp;quot;,&amp;quot;selector&amp;quot;:&amp;quot;//*[@id=&amp;apos;email-app&amp;apos;]/div/div[3]/ul/li[1]/section/div/div/div[3]&amp;quot;}
  (Session info: chrome=90.0.4430.93)
For documentation on this error, please visit: https://www.seleniumhq.org/exceptions/no_such_element.html
Build info: version: &amp;apos;3.141.59&amp;apos;, revision: &amp;apos;e82be7d358&amp;apos;, time: &amp;apos;2018-11-14T08:25:53&amp;apos;
System info: host: &amp;apos;ASL-BLR-LT-0014&amp;apos;, ip: &amp;apos;192.168.225.177&amp;apos;, os.name: &amp;apos;Windows 7&amp;apos;, os.arch: &amp;apos;amd64&amp;apos;, os.version: &amp;apos;6.1&amp;apos;, java.version: &amp;apos;1.8.0_201&amp;apos;
Driver info: org.openqa.selenium.chrome.ChromeDriver
Capabilities {acceptInsecureCerts: false, browserName: chrome, browserVersion: 90.0.4430.93, chrome: {chromedriverVersion: 90.0.4430.24 (4c6d850f087da..., userDataDir: C:\Users\SANGAM~1\AppData\L...}, goog:chromeOptions: {debuggerAddress: localhost:56527}, javascriptEnabled: true, networkConnectionEnabled: false, pageLoadStrategy: normal, platform: WINDOWS, platformName: WINDOWS, proxy: Proxy(), setWindowRect: true, strictFileInteractability: false, timeouts: {implicit: 0, pageLoad: 300000, script: 30000}, unhandledPromptBehavior: dismiss and notify, webauthn:extension:largeBlob: true, webauthn:virtualAuthenticators: true}
Session ID: 06bc63d43825632e4fe17d73ae724602
*** Element info: {Using=xpath, value=//*[@id=&amp;apos;email-app&amp;apos;]/div/div[3]/ul/li[1]/section/div/div/div[3]}">
      <![CDATA[org.openqa.selenium.NoSuchElementException: no such element: Unable to locate element: {"method":"xpath","selector":"//*[@id='email-app']/div/div[3]/ul/li[1]/section/div/div/div[3]"}
  (Session info: chrome=90.0.4430.93)
For documentation on this error, please visit: https://www.seleniumhq.org/exceptions/no_such_element.html
Build info: version: '3.141.59', revision: 'e82be7d358', time: '2018-11-14T08:25:53'
System info: host: 'ASL-BLR-LT-0014', ip: '192.168.225.177', os.name: 'Windows 7', os.arch: 'amd64', os.version: '6.1', java.version: '1.8.0_201'
Driver info: org.openqa.selenium.chrome.ChromeDriver
Capabilities {acceptInsecureCerts: false, browserName: chrome, browserVersion: 90.0.4430.93, chrome: {chromedriverVersion: 90.0.4430.24 (4c6d850f087da..., userDataDir: C:\Users\SANGAM~1\AppData\L...}, goog:chromeOptions: {debuggerAddress: localhost:56527}, javascriptEnabled: true, networkConnectionEnabled: false, pageLoadStrategy: normal, platform: WINDOWS, platformName: WINDOWS, proxy: Proxy(), setWindowRect: true, strictFileInteractability: false, timeouts: {implicit: 0, pageLoad: 300000, script: 30000}, unhandledPromptBehavior: dismiss and notify, webauthn:extension:largeBlob: true, webauthn:virtualAuthenticators: true}
Session ID: 06bc63d43825632e4fe17d73ae724602
*** Element info: {Using=xpath, value=//*[@id='email-app']/div/div[3]/ul/li[1]/section/div/div/div[3]}
at org.openqa.selenium.remote.http.W3CHttpResponseCodec.createException(W3CHttpResponseCodec.java:187)
at org.openqa.selenium.remote.http.W3CHttpResponseCodec.decode(W3CHttpResponseCodec.java:122)
at org.openqa.selenium.remote.http.W3CHttpResponseCodec.decode(W3CHttpResponseCodec.java:49)
at org.openqa.selenium.remote.HttpCommandExecutor.execute(HttpCommandExecutor.java:158)
at org.openqa.selenium.remote.service.DriverCommandExecutor.execute(DriverCommandExecutor.java:83)
at org.openqa.selenium.remote.RemoteWebDriver.execute(RemoteWebDriver.java:552)
at org.openqa.selenium.remote.RemoteWebDriver.findElement(RemoteWebDriver.java:323)
at org.openqa.selenium.remote.RemoteWebDriver.findElementByXPath(RemoteWebDriver.java:428)
at org.openqa.selenium.By$ByXPath.findElement(By.java:353)
at org.openqa.selenium.remote.RemoteWebDriver.findElement(RemoteWebDriver.java:315)
at Test.com.TC_TB.isList_isEmpty(TC_TB.java:30)
... Removed 29 stack frames]]>
    </failure>
  </testcase> <!-- isList_isEmpty -->
  <testcase name="to_Check_Check_Box_isSelected_First_Item" time="0.0" classname="Test.com.TC_TB">
    <skipped/>
  </testcase> <!-- to_Check_Check_Box_isSelected_First_Item -->
  <testcase name="to_Check_Check_Box_isEnabled_First_Item" time="0.0" classname="Test.com.TC_TB">
    <skipped/>
  </testcase> <!-- to_Check_Check_Box_isEnabled_First_Item -->
  <testcase name="to_Check_Check_Box_isClickable_First_Item" time="0.0" classname="Test.com.TC_TB">
    <skipped/>
  </testcase> <!-- to_Check_Check_Box_isClickable_First_Item -->
  <testcase name="to_More_Option_isDisplayed_First_Item" time="0.0" classname="Test.com.TC_TB">
    <skipped/>
  </testcase> <!-- to_More_Option_isDisplayed_First_Item -->
  <testcase name="to_Check_More_Option_isEnabled_First_Item" time="0.0" classname="Test.com.TC_TB">
    <skipped/>
  </testcase> <!-- to_Check_More_Option_isEnabled_First_Item -->
  <testcase name="to_Check_Mark_as_Inactive_isDisplyed_First_Item" time="0.0" classname="Test.com.TC_TB">
    <skipped/>
  </testcase> <!-- to_Check_Mark_as_Inactive_isDisplyed_First_Item -->
  <testcase name="to_Check_in_Inactive_Services" time="0.0" classname="Test.com.TC_TB">
    <skipped/>
  </testcase> <!-- to_Check_in_Inactive_Services -->
</testsuite> <!-- Test -->
